\BOOKMARK [1][-]{section.1}{Introduction}{}% 1
\BOOKMARK [2][-]{subsection.1.1}{Motivation}{section.1}% 2
\BOOKMARK [2][-]{subsection.1.2}{Task Description}{section.1}% 3
\BOOKMARK [2][-]{subsection.1.3}{Structure of the Thesis}{section.1}% 4
\BOOKMARK [2][-]{subsection.1.4}{Goal and Approach to the Problem}{section.1}% 5
\BOOKMARK [2][-]{subsection.1.5}{Knowledge Question}{section.1}% 6
\BOOKMARK [1][-]{section.2}{Hypothesis}{}% 7
\BOOKMARK [1][-]{section.3}{Terminology Definitions}{}% 8
\BOOKMARK [2][-]{subsection.3.1}{Simple Online Game}{section.3}% 9
\BOOKMARK [2][-]{subsection.3.2}{Rich Online Game}{section.3}% 10
\BOOKMARK [1][-]{section.4}{Problem Research}{}% 11
\BOOKMARK [1][-]{section.5}{Matchmaking}{}% 12
\BOOKMARK [1][-]{section.6}{Realization}{}% 13
\BOOKMARK [2][-]{subsection.6.1}{Architecture of MicroNet}{section.6}% 14
\BOOKMARK [2][-]{subsection.6.2}{Challenges during the Development}{section.6}% 15
\BOOKMARK [2][-]{subsection.6.3}{MicroNet explained according to Examples}{section.6}% 16
\BOOKMARK [1][-]{section.7}{Available Technology}{}% 17
\BOOKMARK [2][-]{subsection.7.1}{Amazon Game Lift}{section.7}% 18
\BOOKMARK [2][-]{subsection.7.2}{Google Cloud Gaming Solution}{section.7}% 19
\BOOKMARK [1][-]{section.8}{Results}{}% 20
\BOOKMARK [1][-]{section.9}{Summary \046 Outlook}{}% 21
